C:\Users\JOU\Desktop\git\Special-project\Cycloidal Gear\CAD\epicycloid_ex.dwg,家,2023/11/24 Wと 10:35:54,JOU,Microsoft Print to PDF,A4,1:1.45766,
C:\Users\JOU\Desktop\git\Special-project\Cycloidal Gear\CAD\epicycloid_ex.dwg,家,2023/11/24 Wと 10:46:28,JOU,Microsoft Print to PDF,A4,1:2.54743,
C:\Users\JOU\Desktop\git\Special-project\Cycloidal Gear\CAD\epicycloid_ex.dwg,家,2023/11/24 Wと 10:46:51,JOU,Microsoft Print to PDF,A4,1:2.54743,
C:\Users\Johnny Jou\Documents\GitHub\Special-project\Cycloidal Gear\CAD\epicycloid_ex.dwg,家,2023/11/28 Uと 01:38:53,Johnny Jou,Microsoft Print to PDF,A4,1:0.566697,
C:\Users\Johnny Jou\Documents\GitHub\Special-project\Cycloidal Gear\CAD\epicycloid_ex.dwg,家,2023/12/4 Uと 06:35:41,Johnny Jou,Microsoft Print to PDF,A4,1:0.522726,
C:\Users\JOU\Desktop\git\Special-project\Cycloidal Gear\CAD\epicycloid_ex.dwg,家,2023/12/5 Wと 02:38:10,JOU,Microsoft Print to PDF,A4,1:1.169,
C:\Users\JOU\Desktop\git\Special-project\Cycloidal Gear\CAD\epicycloid_ex.dwg,家,2023/12/5 Wと 03:01:47,JOU,Microsoft Print to PDF,A4,1:1.23689,
C:\Users\JOU\Desktop\git\Special-project\Cycloidal Gear\CAD\epicycloid_ex.dwg,家,2023/12/5 Wと 03:10:13,JOU,Microsoft Print to PDF,A4,1:4.13541,
C:\Users\JOU\Desktop\git\Special-project\Cycloidal Gear\CAD\epicycloid_ex.dwg,家,2023/12/5 Wと 03:12:43,JOU,Microsoft Print to PDF,A4,1:4.05232,
C:\Users\JOU\Desktop\git\Special-project\Cycloidal Gear\CAD\epicycloid_ex.dwg,家,2023/12/5 Wと 03:15:58,JOU,Microsoft Print to PDF,A4,1:1.42204,
C:\Users\JOU\Desktop\git\Special-project\Cycloidal Gear\CAD\epicycloid_ex.dwg,家,2023/12/5 Wと 03:16:10,JOU,Microsoft Print to PDF,A4,1:0.994205,
C:\Users\JOU\Desktop\git\Special-project\Cycloidal Gear\CAD\epicycloid_ex.dwg,家,2023/12/5 Wと 03:16:31,JOU,Microsoft Print to PDF,A4,1:1.13274,
C:\Users\JOU\Desktop\git\Special-project\Cycloidal Gear\CAD\epicycloid_ex.dwg,家,2023/12/5 Wと 03:16:44,JOU,Microsoft Print to PDF,A4,1:1.11237,
C:\Users\JOU\Desktop\git\Special-project\Cycloidal Gear\CAD\epicycloid_ex.dwg,家,2023/12/5 Wと 03:17:02,JOU,Microsoft Print to PDF,A4,1:1.30795,
C:\Users\JOU\Desktop\git\Special-project\Cycloidal Gear\CAD\epicycloid_ex.dwg,家,2023/12/5 Wと 03:17:18,JOU,Microsoft Print to PDF,A4,1:1.18164,
C:\Users\JOU\Desktop\git\Special-project\Cycloidal Gear\CAD\epicycloid_ex.dwg,家,2023/12/5 Wと 03:17:31,JOU,Microsoft Print to PDF,A4,1:1.05532,
C:\Users\JOU\Desktop\git\Special-project\Cycloidal Gear\CAD\epicycloid_ex.dwg,家,2023/12/5 Wと 03:17:48,JOU,Microsoft Print to PDF,A4,1:1.07977,
C:\Users\JOU\Desktop\git\Special-project\Cycloidal Gear\CAD\epicycloid_ex.dwg,家,2023/12/5 Wと 03:18:04,JOU,Microsoft Print to PDF,A4,1:1.18164,
C:\Users\JOU\Desktop\git\Special-project\Cycloidal Gear\CAD\epicycloid_ex.dwg,家,2023/12/5 Wと 03:25:47,JOU,Microsoft Print to PDF,A4,1:0.912767,
C:\Users\JOU\Desktop\git\Special-project\Cycloidal Gear\CAD\epicycloid_ex.dwg,家,2023/12/5 Wと 03:42:21,JOU,Microsoft Print to PDF,A4,1:1.0415,
C:\Users\JOU\Desktop\git\Special-project\Cycloidal Gear\CAD\epicycloid_ex.dwg,家,2023/12/5 Wと 03:42:31,JOU,Microsoft Print to PDF,A4,1:1.13496,
C:\Users\JOU\Desktop\git\Special-project\Cycloidal Gear\CAD\epicycloid_ex.dwg,家,2023/12/5 Wと 03:42:42,JOU,Microsoft Print to PDF,A4,1:1.29964,
C:\Users\JOU\Desktop\git\Special-project\Cycloidal Gear\CAD\epicycloid_ex.dwg,家,2023/12/5 Wと 03:42:56,JOU,Microsoft Print to PDF,A4,1:1.23288,
C:\Users\JOU\Desktop\git\Special-project\Cycloidal Gear\CAD\epicycloid_ex.dwg,家,2023/12/5 Wと 03:58:57,JOU,Microsoft Print to PDF,A4,1:1.12039,
C:\Users\JOU\Desktop\git\Special-project\Cycloidal Gear\CAD\epicycloid_ex.dwg,家,2023/12/5 Wと 03:59:09,JOU,Microsoft Print to PDF,A4,1:1.15712,
C:\Users\JOU\Desktop\git\Special-project\Cycloidal Gear\CAD\epicycloid_ex.dwg,家,2023/12/5 Wと 04:26:31,JOU,Microsoft Print to PDF,A4,1:1.09199,
C:\Users\JOU\Desktop\git\Special-project\Cycloidal Gear\CAD\epicycloid_ex.dwg,家,2024/4/21 Uと 11:03:26,JOU,Microsoft Print to PDF,A4,1:1,
C:\Users\JOU\Desktop\git\Special-project\Cycloidal Gear\CAD\epicycloid_ex.dwg,家,2024/4/21 Uと 11:03:46,JOU,Microsoft Print to PDF,A4,1:1,
C:\Users\JOU\Desktop\git\Special-project\Cycloidal Gear\CAD\epicycloid_ex.dwg,家,2024/4/22 Wと 06:29:19,JOU,Microsoft Print to PDF,A4,1:1,
C:\Users\Johnny Jou\Documents\GitHub\Special-project\Cycloidal Gear\CAD\epicycloid_ex.dwg,家,2024/4/22 Wと 10:54:54,Johnny Jou,Microsoft Print to PDF,A4,1:1,
C:\Users\Johnny Jou\Documents\GitHub\Special-project\Cycloidal Gear\CAD\epicycloid_ex.dwg,家,2024/4/22 Wと 10:58:29,Johnny Jou,Microsoft Print to PDF,A4,1:1,
C:\Users\Johnny Jou\Documents\GitHub\Special-project\Cycloidal Gear\CAD\epicycloid_ex.dwg,家,2024/4/22 Wと 11:13:30,Johnny Jou,Microsoft Print to PDF,A4,1:1,
C:\Users\Johnny Jou\Documents\GitHub\Special-project\Cycloidal Gear\CAD\epicycloid_ex.dwg,家,2024/4/22 Wと 11:14:06,Johnny Jou,Microsoft Print to PDF,A4,1:1,
C:\Users\Johnny Jou\Documents\GitHub\Special-project\Cycloidal Gear\CAD\epicycloid_ex.dwg,家,2024/5/20 Wと 11:02:19,Johnny Jou,Microsoft Print to PDF,A4,1:1,
C:\Users\Johnny Jou\Documents\GitHub\Special-project\Cycloidal Gear\CAD\epicycloid_ex.dwg,家,2024/5/20 Wと 11:03:24,Johnny Jou,Microsoft Print to PDF,A4,1:1,
C:\Users\Johnny Jou\Documents\GitHub\Special-project\Cycloidal Gear\CAD\epicycloid_ex.dwg,家,2024/5/20 Uと 12:42:27,Johnny Jou,Microsoft Print to PDF,A4,1:1,
C:\Users\Johnny Jou\Documents\GitHub\Special-project\Cycloidal Gear\CAD\epicycloid_ex.dwg,家,2024/5/20 Uと 12:47:40,Johnny Jou,Microsoft Print to PDF,A4,1:1,
C:\Users\JOU\Desktop\git\Special-project\Cycloidal Gear\CAD\epicycloid_ex.dwg,家,2024/6/17 Wと 02:21:49,JOU,Microsoft Print to PDF,A4,1:1,
C:\Users\JOU\Desktop\git\Special-project\Cycloidal Gear\CAD\epicycloid_ex.dwg,家,2024/6/17 Wと 02:22:34,JOU,Microsoft Print to PDF,A4,1:1,
C:\Users\JOU\Desktop\git\Special-project\Cycloidal Gear\CAD\epicycloid_ex.dwg,家,2024/6/17 Wと 02:26:56,JOU,Microsoft Print to PDF,A4,1:1,
C:\Users\JOU\Desktop\git\Special-project\Cycloidal Gear\CAD\epicycloid_ex.dwg,家,2024/6/17 Wと 02:52:55,JOU,Microsoft Print to PDF,A4,1:1,
C:\Users\JOU\Desktop\git\Special-project\Cycloidal Gear\CAD\epicycloid_ex.dwg,家,2024/7/15 Uと 11:05:21,JOU,Microsoft Print to PDF,A4,1:1,
C:\Users\JOU\Desktop\git\Special-project\Cycloidal Gear\CAD\epicycloid_ex.dwg,家,2024/7/15 Uと 11:30:27,JOU,Microsoft Print to PDF,A4,1:1,
C:\Users\JOU\Desktop\git\Special-project\Cycloidal Gear\CAD\epicycloid_ex.dwg,家,2024/7/15 Uと 11:30:52,JOU,Microsoft Print to PDF,A4,1:1,
C:\Users\JOU\Desktop\git\Special-project\Cycloidal Gear\CAD\epicycloid_ex.dwg,家,2024/7/15 Uと 11:32:01,JOU,Microsoft Print to PDF,A4,1:1,
C:\Users\JOU\Desktop\git\Special-project\Cycloidal Gear\CAD\epicycloid_ex.dwg,家,2024/7/16 Wと 12:40:08,JOU,Microsoft Print to PDF,A4,1:1,
